2025-11-10 01:29:28 root         INFO     Starting GetRecords Consumer
2025-11-10 01:29:28 botocore.credentials INFO     Found credentials in shared credentials file: /home/coder/.aws/credentials
2025-11-10 01:29:28 root         INFO     Read Order {'event_time': '2024-06-01 00:03:00', 'total_sales': 9950.0} from Shard shardId-000000000000 at position 49668821699619531460023255556024649411820975053592330242
2025-11-10 01:29:28 root         INFO     Read Order {'event_time': '2024-06-01 00:06:00', 'total_sales': 24224} from Shard shardId-000000000000 at position 49668821699619531460023255556033111892558277457815273474
2025-11-10 01:29:28 root         INFO     Read Order {'event_time': '2024-06-01 00:09:00', 'total_sales': 21023} from Shard shardId-000000000000 at position 49668821699619531460023255556034320818377892086989979650
2025-11-10 01:29:28 root         INFO     Read Order {'event_time': '2024-06-01 00:12:00', 'total_sales': 17136} from Shard shardId-000000000000 at position 49668821699619531460023255556035529744197506716164685826
2025-11-10 01:29:28 root         INFO     Read Order {'event_time': '2024-06-01 00:15:00', 'total_sales': 20790.0} from Shard shardId-000000000000 at position 49668821699619531460023255556036738670017121345339392002
2025-11-10 01:29:28 root         INFO     Read Order {'event_time': '2024-06-01 00:18:00', 'total_sales': 21033} from Shard shardId-000000000000 at position 49668821699619531460023255556037947595836735974514098178
2025-11-10 01:29:28 root         INFO     Read Order {'event_time': '2024-06-01 00:21:00', 'total_sales': 24367} from Shard shardId-000000000000 at position 49668821699619531460023255556039156521656350603688804354
2025-11-10 01:29:28 root         INFO     Read Order {'event_time': '2024-06-01 00:24:00', 'total_sales': 25045} from Shard shardId-000000000000 at position 49668821699619531460023255556040365447475965232863510530
2025-11-10 01:29:28 root         INFO     Read Order {'event_time': '2024-06-01 00:27:00', 'total_sales': 25546} from Shard shardId-000000000000 at position 49668821699619531460023255556041574373295579862038216706
2025-11-10 01:29:28 root         INFO     Read Order {'event_time': '2024-06-01 00:30:00', 'total_sales': 20914} from Shard shardId-000000000000 at position 49668821699619531460023255556042783299115194491212922882
2025-11-10 01:29:28 root         INFO     Read Order {'event_time': '2024-06-01 00:33:00', 'total_sales': 16973} from Shard shardId-000000000000 at position 49668821699619531460023255556043992224934809120387629058
2025-11-10 01:29:28 root         INFO     Read Order {'event_time': '2024-06-01 00:36:00', 'total_sales': 21079} from Shard shardId-000000000000 at position 49668821699619531460023255556045201150754423749562335234
2025-11-10 01:29:28 root         INFO     Read Order {'event_time': '2024-06-01 00:39:00', 'total_sales': 22807} from Shard shardId-000000000000 at position 49668821699619531460023255556046410076574038378737041410
2025-11-10 01:29:28 root         INFO     Read Order {'event_time': '2024-06-01 00:42:00', 'total_sales': 19354} from Shard shardId-000000000000 at position 49668821699619531460023255556047619002393653007911747586
2025-11-10 01:29:28 root         INFO     Read Order {'event_time': '2024-06-01 00:45:00', 'total_sales': 14397} from Shard shardId-000000000000 at position 49668821699619531460023255556048827928213267637086453762
2025-11-10 01:29:28 root         INFO     Read Order {'event_time': '2024-06-01 00:48:00', 'total_sales': 17888} from Shard shardId-000000000000 at position 49668821699619531460023255556050036854032882266261159938
2025-11-10 01:29:28 root         INFO     Read Order {'event_time': '2024-06-01 00:51:00', 'total_sales': 24522} from Shard shardId-000000000000 at position 49668821699619531460023255556051245779852496895435866114
2025-11-10 01:29:28 root         INFO     Read Order {'event_time': '2024-06-01 00:54:00', 'total_sales': 26317} from Shard shardId-000000000000 at position 49668821699619531460023255556052454705672111524610572290
2025-11-10 01:29:28 root         INFO     Read Order {'event_time': '2024-06-01 00:57:00', 'total_sales': 25281} from Shard shardId-000000000000 at position 49668821699619531460023255988872076644101656761813958658
2025-11-10 01:29:29 root         INFO     Read Order {'event_time': '2024-06-01 01:00:00', 'total_sales': 25385} from Shard shardId-000000000000 at position 49668821699619531460023256544548785000867896345298468866
2025-11-10 01:29:30 root         INFO     Read Order {'event_time': '2024-06-01 01:03:00', 'total_sales': 21177} from Shard shardId-000000000000 at position 49668821699619531460023257192189689381538591259381202946
2025-11-10 01:29:30 root         INFO     Read Order {'event_time': '2024-06-01 00:03:00', 'total_sales': 9950.0} from Shard shardId-000000000000 at position 49668821699619531460023257327418922637811398999057367042
2025-11-10 01:29:30 root         INFO     Read Order {'event_time': '2024-06-01 00:06:00', 'total_sales': 24224} from Shard shardId-000000000000 at position 49668821699619531460023257327420131563631013628232073218
2025-11-10 01:29:30 root         INFO     Read Order {'event_time': '2024-06-01 00:09:00', 'total_sales': 21023} from Shard shardId-000000000000 at position 49668821699619531460023257327421340489450628257406779394
2025-11-10 01:29:30 root         INFO     Read Order {'event_time': '2024-06-01 00:12:00', 'total_sales': 17136} from Shard shardId-000000000000 at position 49668821699619531460023257327422549415270242886581485570
2025-11-10 01:29:30 root         INFO     Read Order {'event_time': '2024-06-01 00:15:00', 'total_sales': 20790.0} from Shard shardId-000000000000 at position 49668821699619531460023257327423758341089857515756191746
2025-11-10 01:29:30 root         INFO     Read Order {'event_time': '2024-06-01 00:18:00', 'total_sales': 21033} from Shard shardId-000000000000 at position 49668821699619531460023257327424967266909472144930897922
2025-11-10 01:29:30 root         INFO     Read Order {'event_time': '2024-06-01 00:21:00', 'total_sales': 24367} from Shard shardId-000000000000 at position 49668821699619531460023257327426176192729086774105604098
2025-11-10 01:29:30 root         INFO     Read Order {'event_time': '2024-06-01 00:24:00', 'total_sales': 25045} from Shard shardId-000000000000 at position 49668821699619531460023257327427385118548701403280310274
2025-11-10 01:29:30 root         INFO     Read Order {'event_time': '2024-06-01 00:27:00', 'total_sales': 25546} from Shard shardId-000000000000 at position 49668821699619531460023257327428594044368316032455016450
2025-11-10 01:29:30 root         INFO     Read Order {'event_time': '2024-06-01 00:30:00', 'total_sales': 20914} from Shard shardId-000000000000 at position 49668821699619531460023257327429802970187930661629722626
2025-11-10 01:29:30 root         INFO     Read Order {'event_time': '2024-06-01 00:33:00', 'total_sales': 16973} from Shard shardId-000000000000 at position 49668821699619531460023257327431011896007545290804428802
2025-11-10 01:29:30 root         INFO     Read Order {'event_time': '2024-06-01 00:36:00', 'total_sales': 21079} from Shard shardId-000000000000 at position 49668821699619531460023257327432220821827159919979134978
2025-11-10 01:29:30 root         INFO     Read Order {'event_time': '2024-06-01 00:39:00', 'total_sales': 22807} from Shard shardId-000000000000 at position 49668821699619531460023257327433429747646774549153841154
2025-11-10 01:29:30 root         INFO     Read Order {'event_time': '2024-06-01 00:42:00', 'total_sales': 19354} from Shard shardId-000000000000 at position 49668821699619531460023257327434638673466389178328547330
2025-11-10 01:29:30 root         INFO     Read Order {'event_time': '2024-06-01 00:45:00', 'total_sales': 14397} from Shard shardId-000000000000 at position 49668821699619531460023257327435847599286003807503253506
2025-11-10 01:29:30 root         INFO     Read Order {'event_time': '2024-06-01 00:48:00', 'total_sales': 17888} from Shard shardId-000000000000 at position 49668821699619531460023257327437056525105618436677959682
2025-11-10 01:29:30 root         INFO     Read Order {'event_time': '2024-06-01 00:51:00', 'total_sales': 24522} from Shard shardId-000000000000 at position 49668821699619531460023257327438265450925233065852665858
2025-11-10 01:29:30 root         INFO     Read Order {'event_time': '2024-06-01 00:54:00', 'total_sales': 26317} from Shard shardId-000000000000 at position 49668821699619531460023257327439474376744847695027372034
2025-11-10 01:29:30 root         INFO     Read Order {'event_time': '2024-06-01 00:57:00', 'total_sales': 25281} from Shard shardId-000000000000 at position 49668821699619531460023257327440683302564462324202078210
2025-11-10 01:29:30 root         INFO     Read Order {'event_time': '2024-06-01 01:00:00', 'total_sales': 25385} from Shard shardId-000000000000 at position 49668821699619531460023257327441892228384076953376784386
2025-11-10 01:29:30 root         INFO     Read Order {'event_time': '2024-06-01 01:03:00', 'total_sales': 21177} from Shard shardId-000000000000 at position 49668821699619531460023257327443101154203691582551490562
2025-11-10 01:30:10 root         INFO     Starting GetRecords Consumer
2025-11-10 01:30:10 botocore.credentials INFO     Found credentials in shared credentials file: /home/coder/.aws/credentials
2025-11-10 01:30:10 root         INFO     Read Order {'event_time': '2024-06-01 00:03:00', 'device_type': 'desktop', 'orders_count': 8} from Shard shardId-000000000000 at position 49668821699619531460004200437546531609739765985711226882
2025-11-10 01:30:10 root         INFO     Read Order {'event_time': '2024-06-01 00:03:00', 'device_type': 'mobile', 'orders_count': 7} from Shard shardId-000000000000 at position 49668821699619531460004200437548949461378995244060639234
2025-11-10 01:30:10 root         INFO     Read Order {'event_time': '2024-06-01 00:03:00', 'device_type': 'tablet', 'orders_count': 4} from Shard shardId-000000000000 at position 49668821699619531460004200437550158387198609873235345410
2025-11-10 01:30:10 root         INFO     Read Order {'event_time': '2024-06-01 00:06:00', 'device_type': 'tablet', 'orders_count': 10.0} from Shard shardId-000000000000 at position 49668821699619531460004200437551367313018224502410051586
2025-11-10 01:30:10 root         INFO     Read Order {'event_time': '2024-06-01 00:06:00', 'device_type': 'desktop', 'orders_count': 19} from Shard shardId-000000000000 at position 49668821699619531460004200437552576238837839131584757762
2025-11-10 01:30:10 root         INFO     Read Order {'event_time': '2024-06-01 00:06:00', 'device_type': 'mobile', 'orders_count': 12} from Shard shardId-000000000000 at position 49668821699619531460004200437553785164657453760759463938
2025-11-10 01:30:10 root         INFO     Read Order {'event_time': '2024-06-01 00:09:00', 'device_type': 'mobile', 'orders_count': 9} from Shard shardId-000000000000 at position 49668821699619531460004200437554994090477068389934170114
2025-11-10 01:30:10 root         INFO     Read Order {'event_time': '2024-06-01 00:09:00', 'device_type': 'tablet', 'orders_count': 9} from Shard shardId-000000000000 at position 49668821699619531460004200437556203016296683019108876290
2025-11-10 01:30:10 root         INFO     Read Order {'event_time': '2024-06-01 00:09:00', 'device_type': 'desktop', 'orders_count': 18} from Shard shardId-000000000000 at position 49668821699619531460004200437557411942116297648283582466
2025-11-10 01:30:10 root         INFO     Read Order {'event_time': '2024-06-01 00:12:00', 'device_type': 'desktop', 'orders_count': 12} from Shard shardId-000000000000 at position 49668821699619531460004200437558620867935912277458288642
2025-11-10 01:30:10 root         INFO     Read Order {'event_time': '2024-06-01 00:12:00', 'device_type': 'mobile', 'orders_count': 14} from Shard shardId-000000000000 at position 49668821699619531460004200437559829793755526906632994818
2025-11-10 01:30:10 root         INFO     Read Order {'event_time': '2024-06-01 00:12:00', 'device_type': 'tablet', 'orders_count': 8} from Shard shardId-000000000000 at position 49668821699619531460004200437561038719575141535807700994
2025-11-10 01:30:10 root         INFO     Read Order {'event_time': '2024-06-01 00:15:00', 'device_type': 'tablet', 'orders_count': 9} from Shard shardId-000000000000 at position 49668821699619531460004200437562247645394756164982407170
2025-11-10 01:30:10 root         INFO     Read Order {'event_time': '2024-06-01 00:15:00', 'device_type': 'desktop', 'orders_count': 14} from Shard shardId-000000000000 at position 49668821699619531460004200437563456571214370794157113346
2025-11-10 01:30:10 root         INFO     Read Order {'event_time': '2024-06-01 00:15:00', 'device_type': 'mobile', 'orders_count': 17} from Shard shardId-000000000000 at position 49668821699619531460004200437564665497033985423331819522
2025-11-10 01:30:10 root         INFO     Read Order {'event_time': '2024-06-01 00:18:00', 'device_type': 'mobile', 'orders_count': 12} from Shard shardId-000000000000 at position 49668821699619531460004200437565874422853600052506525698
2025-11-10 01:30:10 root         INFO     Read Order {'event_time': '2024-06-01 00:18:00', 'device_type': 'tablet', 'orders_count': 12} from Shard shardId-000000000000 at position 49668821699619531460004200437567083348673214681681231874
2025-11-10 01:30:10 root         INFO     Read Order {'event_time': '2024-06-01 00:18:00', 'device_type': 'desktop', 'orders_count': 17} from Shard shardId-000000000000 at position 49668821699619531460004200437568292274492829310855938050
2025-11-10 01:30:10 root         INFO     Read Order {'event_time': '2024-06-01 00:21:00', 'device_type': 'desktop', 'orders_count': 10.0} from Shard shardId-000000000000 at position 49668821699619531460004200437569501200312443940030644226
2025-11-10 01:30:10 root         INFO     Read Order {'event_time': '2024-06-01 00:21:00', 'device_type': 'mobile', 'orders_count': 16} from Shard shardId-000000000000 at position 49668821699619531460004200437570710126132058569205350402
2025-11-10 01:30:10 root         INFO     Read Order {'event_time': '2024-06-01 00:21:00', 'device_type': 'tablet', 'orders_count': 15} from Shard shardId-000000000000 at position 49668821699619531460004200437571919051951673198380056578
2025-11-10 01:30:10 root         INFO     Read Order {'event_time': '2024-06-01 00:24:00', 'device_type': 'tablet', 'orders_count': 12} from Shard shardId-000000000000 at position 49668821699619531460004200437573127977771287827554762754
2025-11-10 01:30:10 root         INFO     Read Order {'event_time': '2024-06-01 00:24:00', 'device_type': 'desktop', 'orders_count': 8} from Shard shardId-000000000000 at position 49668821699619531460004200437574336903590902456729468930
2025-11-10 01:30:10 root         INFO     Read Order {'event_time': '2024-06-01 00:24:00', 'device_type': 'mobile', 'orders_count': 18} from Shard shardId-000000000000 at position 49668821699619531460004200437575545829410517085904175106
2025-11-10 01:30:10 root         INFO     Read Order {'event_time': '2024-06-01 00:27:00', 'device_type': 'mobile', 'orders_count': 14} from Shard shardId-000000000000 at position 49668821699619531460004200437576754755230131715078881282
2025-11-10 01:30:10 root         INFO     Read Order {'event_time': '2024-06-01 00:27:00', 'device_type': 'tablet', 'orders_count': 12} from Shard shardId-000000000000 at position 49668821699619531460004200437577963681049746344253587458
2025-11-10 01:30:10 root         INFO     Read Order {'event_time': '2024-06-01 00:27:00', 'device_type': 'desktop', 'orders_count': 15} from Shard shardId-000000000000 at position 49668821699619531460004200437579172606869360973428293634
2025-11-10 01:30:10 root         INFO     Read Order {'event_time': '2024-06-01 00:30:00', 'device_type': 'desktop', 'orders_count': 20.0} from Shard shardId-000000000000 at position 49668821699619531460004200437580381532688975602602999810
2025-11-10 01:30:10 root         INFO     Read Order {'event_time': '2024-06-01 00:30:00', 'device_type': 'mobile', 'orders_count': 11} from Shard shardId-000000000000 at position 49668821699619531460004200437581590458508590231777705986
2025-11-10 01:30:10 root         INFO     Read Order {'event_time': '2024-06-01 00:30:00', 'device_type': 'tablet', 'orders_count': 8} from Shard shardId-000000000000 at position 49668821699619531460004200437582799384328204860952412162
2025-11-10 01:30:10 root         INFO     Read Order {'event_time': '2024-06-01 00:33:00', 'device_type': 'tablet', 'orders_count': 5} from Shard shardId-000000000000 at position 49668821699619531460004200437584008310147819490127118338
2025-11-10 01:30:10 root         INFO     Read Order {'event_time': '2024-06-01 00:33:00', 'device_type': 'desktop', 'orders_count': 18} from Shard shardId-000000000000 at position 49668821699619531460004200437585217235967434119301824514
2025-11-10 01:30:10 root         INFO     Read Order {'event_time': '2024-06-01 00:33:00', 'device_type': 'mobile', 'orders_count': 12} from Shard shardId-000000000000 at position 49668821699619531460004200437586426161787048748476530690
2025-11-10 01:30:10 root         INFO     Read Order {'event_time': '2024-06-01 00:36:00', 'device_type': 'mobile', 'orders_count': 16} from Shard shardId-000000000000 at position 49668821699619531460004200437587635087606663377651236866
2025-11-10 01:30:10 root         INFO     Read Order {'event_time': '2024-06-01 00:36:00', 'device_type': 'tablet', 'orders_count': 9} from Shard shardId-000000000000 at position 49668821699619531460004200437588844013426278006825943042
2025-11-10 01:30:10 root         INFO     Read Order {'event_time': '2024-06-01 00:36:00', 'device_type': 'desktop', 'orders_count': 12} from Shard shardId-000000000000 at position 49668821699619531460004200437590052939245892636000649218
2025-11-10 01:30:10 root         INFO     Read Order {'event_time': '2024-06-01 00:39:00', 'device_type': 'desktop', 'orders_count': 9} from Shard shardId-000000000000 at position 49668821699619531460004200437591261865065507265175355394
2025-11-10 01:30:10 root         INFO     Read Order {'event_time': '2024-06-01 00:39:00', 'device_type': 'mobile', 'orders_count': 15} from Shard shardId-000000000000 at position 49668821699619531460004200437592470790885121894350061570
2025-11-10 01:30:10 root         INFO     Read Order {'event_time': '2024-06-01 00:39:00', 'device_type': 'tablet', 'orders_count': 11} from Shard shardId-000000000000 at position 49668821699619531460004200437593679716704736523524767746
2025-11-10 01:30:10 root         INFO     Read Order {'event_time': '2024-06-01 00:42:00', 'device_type': 'tablet', 'orders_count': 12} from Shard shardId-000000000000 at position 49668821699619531460004200437594888642524351152699473922
2025-11-10 01:30:10 root         INFO     Read Order {'event_time': '2024-06-01 00:42:00', 'device_type': 'desktop', 'orders_count': 11} from Shard shardId-000000000000 at position 49668821699619531460004200437596097568343965781874180098
2025-11-10 01:30:10 root         INFO     Read Order {'event_time': '2024-06-01 00:42:00', 'device_type': 'mobile', 'orders_count': 7} from Shard shardId-000000000000 at position 49668821699619531460004200437597306494163580411048886274
2025-11-10 01:30:10 root         INFO     Read Order {'event_time': '2024-06-01 00:45:00', 'device_type': 'mobile', 'orders_count': 9} from Shard shardId-000000000000 at position 49668821699619531460004200437598515419983195040223592450
2025-11-10 01:30:10 root         INFO     Read Order {'event_time': '2024-06-01 00:45:00', 'device_type': 'tablet', 'orders_count': 9} from Shard shardId-000000000000 at position 49668821699619531460004200437599724345802809669398298626
2025-11-10 01:30:10 root         INFO     Read Order {'event_time': '2024-06-01 00:45:00', 'device_type': 'desktop', 'orders_count': 8} from Shard shardId-000000000000 at position 49668821699619531460004200437600933271622424298573004802
2025-11-10 01:30:10 root         INFO     Read Order {'event_time': '2024-06-01 00:48:00', 'device_type': 'desktop', 'orders_count': 7} from Shard shardId-000000000000 at position 49668821699619531460004200437602142197442038927747710978
2025-11-10 01:30:10 root         INFO     Read Order {'event_time': '2024-06-01 00:48:00', 'device_type': 'mobile', 'orders_count': 17} from Shard shardId-000000000000 at position 49668821699619531460004200437603351123261653556922417154
2025-11-10 01:30:10 root         INFO     Read Order {'event_time': '2024-06-01 00:48:00', 'device_type': 'tablet', 'orders_count': 9} from Shard shardId-000000000000 at position 49668821699619531460004200437604560049081268186097123330
2025-11-10 01:30:10 root         INFO     Read Order {'event_time': '2024-06-01 00:51:00', 'device_type': 'tablet', 'orders_count': 15} from Shard shardId-000000000000 at position 49668821699619531460004200437605768974900882815271829506
2025-11-10 01:30:10 root         INFO     Read Order {'event_time': '2024-06-01 00:51:00', 'device_type': 'desktop', 'orders_count': 11} from Shard shardId-000000000000 at position 49668821699619531460004200437606977900720497444446535682
2025-11-10 01:30:10 root         INFO     Read Order {'event_time': '2024-06-01 00:51:00', 'device_type': 'mobile', 'orders_count': 14} from Shard shardId-000000000000 at position 49668821699619531460004200437608186826540112073621241858
2025-11-10 01:30:10 root         INFO     Read Order {'event_time': '2024-06-01 00:54:00', 'device_type': 'mobile', 'orders_count': 14} from Shard shardId-000000000000 at position 49668821699619531460004200437609395752359726702795948034
2025-11-10 01:30:10 root         INFO     Read Order {'event_time': '2024-06-01 00:54:00', 'device_type': 'tablet', 'orders_count': 15} from Shard shardId-000000000000 at position 49668821699619531460004200437610604678179341331970654210
2025-11-10 01:30:10 root         INFO     Read Order {'event_time': '2024-06-01 00:54:00', 'device_type': 'desktop', 'orders_count': 14} from Shard shardId-000000000000 at position 49668821699619531460004200437611813603998955961145360386
2025-11-10 01:30:10 root         INFO     Read Order {'event_time': '2024-06-01 00:57:00', 'device_type': 'desktop', 'orders_count': 13} from Shard shardId-000000000000 at position 49668821699619531460004200437613022529818570590320066562
2025-11-10 01:30:10 root         INFO     Read Order {'event_time': '2024-06-01 00:57:00', 'device_type': 'mobile', 'orders_count': 15} from Shard shardId-000000000000 at position 49668821699619531460004200437614231455638185219494772738
2025-11-10 01:30:10 root         INFO     Read Order {'event_time': '2024-06-01 00:57:00', 'device_type': 'tablet', 'orders_count': 18} from Shard shardId-000000000000 at position 49668821699619531460004200437615440381457799848669478914
2025-11-10 01:30:10 root         INFO     Read Order {'event_time': '2024-06-01 01:00:00', 'device_type': 'tablet', 'orders_count': 17} from Shard shardId-000000000000 at position 49668821699619531460004200437616649307277414477844185090
2025-11-10 01:30:10 root         INFO     Read Order {'event_time': '2024-06-01 01:00:00', 'device_type': 'desktop', 'orders_count': 9} from Shard shardId-000000000000 at position 49668821699619531460004200437617858233097029107018891266
2025-11-10 01:30:10 root         INFO     Read Order {'event_time': '2024-06-01 01:00:00', 'device_type': 'mobile', 'orders_count': 16} from Shard shardId-000000000000 at position 49668821699619531460004200437619067158916643736193597442
2025-11-10 01:30:10 root         INFO     Read Order {'event_time': '2024-06-01 01:03:00', 'device_type': 'mobile', 'orders_count': 13} from Shard shardId-000000000000 at position 49668821699619531460004200635678593112200967190036348930
2025-11-10 01:30:10 root         INFO     Read Order {'event_time': '2024-06-01 01:03:00', 'device_type': 'tablet', 'orders_count': 11} from Shard shardId-000000000000 at position 49668821699619531460004200635679802038020581819211055106
2025-11-10 01:30:10 root         INFO     Read Order {'event_time': '2024-06-01 01:03:00', 'device_type': 'desktop', 'orders_count': 10.0} from Shard shardId-000000000000 at position 49668821699619531460004200635681010963840196448385761282
2025-11-10 01:30:10 root         INFO     Read Order {'event_time': '2024-06-01 00:03:00', 'device_type': 'desktop', 'orders_count': 8} from Shard shardId-000000000000 at position 49668821699619531460004200740124948223626474865509269506
2025-11-10 01:30:10 root         INFO     Read Order {'event_time': '2024-06-01 00:03:00', 'device_type': 'mobile', 'orders_count': 7} from Shard shardId-000000000000 at position 49668821699619531460004200740126157149446089494683975682
2025-11-10 01:30:10 root         INFO     Read Order {'event_time': '2024-06-01 00:03:00', 'device_type': 'tablet', 'orders_count': 4} from Shard shardId-000000000000 at position 49668821699619531460004200740127366075265704123858681858
2025-11-10 01:30:10 root         INFO     Read Order {'event_time': '2024-06-01 00:06:00', 'device_type': 'tablet', 'orders_count': 10.0} from Shard shardId-000000000000 at position 49668821699619531460004200740128575001085318753033388034
2025-11-10 01:30:10 root         INFO     Read Order {'event_time': '2024-06-01 00:06:00', 'device_type': 'desktop', 'orders_count': 19} from Shard shardId-000000000000 at position 49668821699619531460004200740129783926904933382208094210
2025-11-10 01:30:10 root         INFO     Read Order {'event_time': '2024-06-01 00:06:00', 'device_type': 'mobile', 'orders_count': 12} from Shard shardId-000000000000 at position 49668821699619531460004200740130992852724548011382800386
2025-11-10 01:30:10 root         INFO     Read Order {'event_time': '2024-06-01 00:09:00', 'device_type': 'mobile', 'orders_count': 9} from Shard shardId-000000000000 at position 49668821699619531460004200740132201778544162640557506562
2025-11-10 01:30:10 root         INFO     Read Order {'event_time': '2024-06-01 00:09:00', 'device_type': 'tablet', 'orders_count': 9} from Shard shardId-000000000000 at position 49668821699619531460004200740133410704363777269732212738
2025-11-10 01:30:10 root         INFO     Read Order {'event_time': '2024-06-01 00:09:00', 'device_type': 'desktop', 'orders_count': 18} from Shard shardId-000000000000 at position 49668821699619531460004200740134619630183391898906918914
2025-11-10 01:30:10 root         INFO     Read Order {'event_time': '2024-06-01 00:12:00', 'device_type': 'desktop', 'orders_count': 12} from Shard shardId-000000000000 at position 49668821699619531460004200740135828556003006528081625090
2025-11-10 01:30:10 root         INFO     Read Order {'event_time': '2024-06-01 00:12:00', 'device_type': 'mobile', 'orders_count': 14} from Shard shardId-000000000000 at position 49668821699619531460004200740137037481822621157256331266
2025-11-10 01:30:10 root         INFO     Read Order {'event_time': '2024-06-01 00:12:00', 'device_type': 'tablet', 'orders_count': 8} from Shard shardId-000000000000 at position 49668821699619531460004200740138246407642235786431037442
2025-11-10 01:30:10 root         INFO     Read Order {'event_time': '2024-06-01 00:15:00', 'device_type': 'tablet', 'orders_count': 9} from Shard shardId-000000000000 at position 49668821699619531460004200740139455333461850415605743618
2025-11-10 01:30:10 root         INFO     Read Order {'event_time': '2024-06-01 00:15:00', 'device_type': 'desktop', 'orders_count': 14} from Shard shardId-000000000000 at position 49668821699619531460004200740140664259281465044780449794
2025-11-10 01:30:10 root         INFO     Read Order {'event_time': '2024-06-01 00:15:00', 'device_type': 'mobile', 'orders_count': 17} from Shard shardId-000000000000 at position 49668821699619531460004200740141873185101079673955155970
2025-11-10 01:30:10 root         INFO     Read Order {'event_time': '2024-06-01 00:18:00', 'device_type': 'mobile', 'orders_count': 12} from Shard shardId-000000000000 at position 49668821699619531460004200740143082110920694303129862146
2025-11-10 01:30:10 root         INFO     Read Order {'event_time': '2024-06-01 00:18:00', 'device_type': 'tablet', 'orders_count': 12} from Shard shardId-000000000000 at position 49668821699619531460004200740145499962559923561479274498
2025-11-10 01:30:10 root         INFO     Read Order {'event_time': '2024-06-01 00:18:00', 'device_type': 'desktop', 'orders_count': 17} from Shard shardId-000000000000 at position 49668821699619531460004200740146708888379538190653980674
2025-11-10 01:30:10 root         INFO     Read Order {'event_time': '2024-06-01 00:21:00', 'device_type': 'desktop', 'orders_count': 10.0} from Shard shardId-000000000000 at position 49668821699619531460004200750817897098117870671699640322
2025-11-10 01:30:10 root         INFO     Read Order {'event_time': '2024-06-01 00:21:00', 'device_type': 'mobile', 'orders_count': 16} from Shard shardId-000000000000 at position 49668821699619531460004200750819106023937485300874346498
2025-11-10 01:30:10 root         INFO     Read Order {'event_time': '2024-06-01 00:21:00', 'device_type': 'tablet', 'orders_count': 15} from Shard shardId-000000000000 at position 49668821699619531460004200750820314949757099930049052674
2025-11-10 01:30:10 root         INFO     Read Order {'event_time': '2024-06-01 00:24:00', 'device_type': 'tablet', 'orders_count': 12} from Shard shardId-000000000000 at position 49668821699619531460004200750821523875576714559223758850
2025-11-10 01:30:10 root         INFO     Read Order {'event_time': '2024-06-01 00:24:00', 'device_type': 'desktop', 'orders_count': 8} from Shard shardId-000000000000 at position 49668821699619531460004200750822732801396329188398465026
2025-11-10 01:30:10 root         INFO     Read Order {'event_time': '2024-06-01 00:24:00', 'device_type': 'mobile', 'orders_count': 18} from Shard shardId-000000000000 at position 49668821699619531460004200750823941727215943817573171202
2025-11-10 01:30:10 root         INFO     Read Order {'event_time': '2024-06-01 00:27:00', 'device_type': 'mobile', 'orders_count': 14} from Shard shardId-000000000000 at position 49668821699619531460004200750825150653035558446747877378
2025-11-10 01:30:10 root         INFO     Read Order {'event_time': '2024-06-01 00:27:00', 'device_type': 'tablet', 'orders_count': 12} from Shard shardId-000000000000 at position 49668821699619531460004200750826359578855173075922583554
2025-11-10 01:30:10 root         INFO     Read Order {'event_time': '2024-06-01 00:27:00', 'device_type': 'desktop', 'orders_count': 15} from Shard shardId-000000000000 at position 49668821699619531460004200750827568504674787705097289730
2025-11-10 01:30:10 root         INFO     Read Order {'event_time': '2024-06-01 00:30:00', 'device_type': 'desktop', 'orders_count': 20.0} from Shard shardId-000000000000 at position 49668821699619531460004200750828777430494402334271995906
2025-11-10 01:30:10 root         INFO     Read Order {'event_time': '2024-06-01 00:30:00', 'device_type': 'mobile', 'orders_count': 11} from Shard shardId-000000000000 at position 49668821699619531460004200750829986356314016963446702082
2025-11-10 01:30:10 root         INFO     Read Order {'event_time': '2024-06-01 00:30:00', 'device_type': 'tablet', 'orders_count': 8} from Shard shardId-000000000000 at position 49668821699619531460004200750831195282133631592621408258
2025-11-10 01:30:10 root         INFO     Read Order {'event_time': '2024-06-01 00:33:00', 'device_type': 'tablet', 'orders_count': 5} from Shard shardId-000000000000 at position 49668821699619531460004200750832404207953246221796114434
2025-11-10 01:30:10 root         INFO     Read Order {'event_time': '2024-06-01 00:33:00', 'device_type': 'desktop', 'orders_count': 18} from Shard shardId-000000000000 at position 49668821699619531460004200750833613133772860850970820610
2025-11-10 01:30:10 root         INFO     Read Order {'event_time': '2024-06-01 00:33:00', 'device_type': 'mobile', 'orders_count': 12} from Shard shardId-000000000000 at position 49668821699619531460004200750834822059592475480145526786
2025-11-10 01:30:10 root         INFO     Read Order {'event_time': '2024-06-01 00:36:00', 'device_type': 'mobile', 'orders_count': 16} from Shard shardId-000000000000 at position 49668821699619531460004200763760656922912091165859774466
2025-11-10 01:30:10 root         INFO     Read Order {'event_time': '2024-06-01 00:36:00', 'device_type': 'tablet', 'orders_count': 9} from Shard shardId-000000000000 at position 49668821699619531460004200763761865848731705795034480642
2025-11-10 01:30:10 root         INFO     Read Order {'event_time': '2024-06-01 00:36:00', 'device_type': 'desktop', 'orders_count': 12} from Shard shardId-000000000000 at position 49668821699619531460004200763763074774551320424209186818
2025-11-10 01:30:10 root         INFO     Read Order {'event_time': '2024-06-01 00:39:00', 'device_type': 'desktop', 'orders_count': 9} from Shard shardId-000000000000 at position 49668821699619531460004200763764283700370935053383892994
2025-11-10 01:30:10 root         INFO     Read Order {'event_time': '2024-06-01 00:39:00', 'device_type': 'mobile', 'orders_count': 15} from Shard shardId-000000000000 at position 49668821699619531460004200763765492626190549682558599170
2025-11-10 01:30:10 root         INFO     Read Order {'event_time': '2024-06-01 00:39:00', 'device_type': 'tablet', 'orders_count': 11} from Shard shardId-000000000000 at position 49668821699619531460004200763766701552010164311733305346
2025-11-10 01:30:10 root         INFO     Read Order {'event_time': '2024-06-01 00:42:00', 'device_type': 'tablet', 'orders_count': 12} from Shard shardId-000000000000 at position 49668821699619531460004200763767910477829778940908011522
2025-11-10 01:30:11 root         INFO     Read Order {'event_time': '2024-06-01 00:42:00', 'device_type': 'desktop', 'orders_count': 11} from Shard shardId-000000000000 at position 49668821699619531460004200763769119403649393570082717698
2025-11-10 01:30:11 root         INFO     Read Order {'event_time': '2024-06-01 00:42:00', 'device_type': 'mobile', 'orders_count': 7} from Shard shardId-000000000000 at position 49668821699619531460004200763770328329469008199257423874
2025-11-10 01:30:11 root         INFO     Read Order {'event_time': '2024-06-01 00:45:00', 'device_type': 'mobile', 'orders_count': 9} from Shard shardId-000000000000 at position 49668821699619531460004200763771537255288622828432130050
2025-11-10 01:30:11 root         INFO     Read Order {'event_time': '2024-06-01 00:45:00', 'device_type': 'tablet', 'orders_count': 9} from Shard shardId-000000000000 at position 49668821699619531460004200763772746181108237457606836226
2025-11-10 01:30:11 root         INFO     Read Order {'event_time': '2024-06-01 00:45:00', 'device_type': 'desktop', 'orders_count': 8} from Shard shardId-000000000000 at position 49668821699619531460004200763773955106927852086781542402
2025-11-10 01:30:11 root         INFO     Read Order {'event_time': '2024-06-01 00:48:00', 'device_type': 'desktop', 'orders_count': 7} from Shard shardId-000000000000 at position 49668821699619531460004200763775164032747466715956248578
2025-11-10 01:30:11 root         INFO     Read Order {'event_time': '2024-06-01 00:48:00', 'device_type': 'mobile', 'orders_count': 17} from Shard shardId-000000000000 at position 49668821699619531460004200763776372958567081345130954754
2025-11-10 01:30:11 root         INFO     Read Order {'event_time': '2024-06-01 00:48:00', 'device_type': 'tablet', 'orders_count': 9} from Shard shardId-000000000000 at position 49668821699619531460004200763777581884386695974305660930
2025-11-10 01:30:11 root         INFO     Read Order {'event_time': '2024-06-01 00:51:00', 'device_type': 'tablet', 'orders_count': 15} from Shard shardId-000000000000 at position 49668821699619531460004200763778790810206310603480367106
2025-11-10 01:30:11 root         INFO     Read Order {'event_time': '2024-06-01 00:51:00', 'device_type': 'desktop', 'orders_count': 11} from Shard shardId-000000000000 at position 49668821699619531460004200763779999736025925232655073282
2025-11-10 01:30:11 root         INFO     Read Order {'event_time': '2024-06-01 00:51:00', 'device_type': 'mobile', 'orders_count': 14} from Shard shardId-000000000000 at position 49668821699619531460004200763781208661845539861829779458
2025-11-10 01:30:11 root         INFO     Read Order {'event_time': '2024-06-01 00:54:00', 'device_type': 'mobile', 'orders_count': 14} from Shard shardId-000000000000 at position 49668821699619531460004200763782417587665154491004485634
2025-11-10 01:30:11 root         INFO     Read Order {'event_time': '2024-06-01 00:54:00', 'device_type': 'tablet', 'orders_count': 15} from Shard shardId-000000000000 at position 49668821699619531460004200763783626513484769120179191810
2025-11-10 01:30:11 root         INFO     Read Order {'event_time': '2024-06-01 00:54:00', 'device_type': 'desktop', 'orders_count': 14} from Shard shardId-000000000000 at position 49668821699619531460004200763784835439304383749353897986
2025-11-10 01:30:11 root         INFO     Read Order {'event_time': '2024-06-01 00:57:00', 'device_type': 'desktop', 'orders_count': 13} from Shard shardId-000000000000 at position 49668821699619531460004200763786044365123998378528604162
2025-11-10 01:30:11 root         INFO     Read Order {'event_time': '2024-06-01 00:57:00', 'device_type': 'mobile', 'orders_count': 15} from Shard shardId-000000000000 at position 49668821699619531460004200763787253290943613007703310338
2025-11-10 01:30:11 root         INFO     Read Order {'event_time': '2024-06-01 00:57:00', 'device_type': 'tablet', 'orders_count': 18} from Shard shardId-000000000000 at position 49668821699619531460004200763788462216763227636878016514
2025-11-10 01:30:11 root         INFO     Read Order {'event_time': '2024-06-01 01:00:00', 'device_type': 'tablet', 'orders_count': 17} from Shard shardId-000000000000 at position 49668821699619531460004200763789671142582842266052722690
2025-11-10 01:30:11 root         INFO     Read Order {'event_time': '2024-06-01 01:00:00', 'device_type': 'desktop', 'orders_count': 9} from Shard shardId-000000000000 at position 49668821699619531460004200763790880068402456895227428866
2025-11-10 01:30:11 root         INFO     Read Order {'event_time': '2024-06-01 01:00:00', 'device_type': 'mobile', 'orders_count': 16} from Shard shardId-000000000000 at position 49668821699619531460004200763792088994222071524402135042
2025-11-10 01:30:11 root         INFO     Read Order {'event_time': '2024-06-01 01:03:00', 'device_type': 'mobile', 'orders_count': 13} from Shard shardId-000000000000 at position 49668821699619531460004200763793297920041686153576841218
2025-11-10 01:30:11 root         INFO     Read Order {'event_time': '2024-06-01 01:03:00', 'device_type': 'tablet', 'orders_count': 11} from Shard shardId-000000000000 at position 49668821699619531460004200763794506845861300782751547394
2025-11-10 01:30:11 root         INFO     Read Order {'event_time': '2024-06-01 01:03:00', 'device_type': 'desktop', 'orders_count': 10.0} from Shard shardId-000000000000 at position 49668821699619531460004200763795715771680915411926253570
2025-11-10 01:30:33 root         INFO     Read Order {'event_time': '2024-06-01 01:06:00', 'device_type': 'desktop', 'orders_count': 12} from Shard shardId-000000000000 at position 49668821699619531460004200843761323035910182162160156674
2025-11-10 01:30:33 root         INFO     Read Order {'event_time': '2024-06-01 01:06:00', 'device_type': 'mobile', 'orders_count': 10.0} from Shard shardId-000000000000 at position 49668821699619531460004200843762531961729796791334862850
2025-11-10 01:30:33 root         INFO     Read Order {'event_time': '2024-06-01 01:06:00', 'device_type': 'tablet', 'orders_count': 8} from Shard shardId-000000000000 at position 49668821699619531460004200843763740887549411420509569026
2025-11-10 01:30:34 root         INFO     Read Order {'event_time': '2024-06-01 01:06:00', 'total_sales': 16120.0} from Shard shardId-000000000000 at position 49668821699619531460023257721212001267441486592785514498
2025-11-10 01:30:35 root         INFO     Read Order {'event_time': '2024-06-01 01:06:00', 'device_type': 'desktop', 'orders_count': 12} from Shard shardId-000000000000 at position 49668821699619531460004200848662308308627889042577424386
2025-11-10 01:30:35 root         INFO     Read Order {'event_time': '2024-06-01 01:06:00', 'device_type': 'mobile', 'orders_count': 10.0} from Shard shardId-000000000000 at position 49668821699619531460004200848663517234447503671752130562
2025-11-10 01:30:35 root         INFO     Read Order {'event_time': '2024-06-01 01:06:00', 'device_type': 'tablet', 'orders_count': 8} from Shard shardId-000000000000 at position 49668821699619531460004200848664726160267118300926836738
2025-11-10 01:33:43 root         INFO     Read Order {'event_time': '2024-06-01 01:09:00', 'device_type': 'tablet', 'orders_count': 8} from Shard shardId-000000000000 at position 49668821699619531460004201107370015854519315953172348930
2025-11-10 01:33:43 root         INFO     Read Order {'event_time': '2024-06-01 01:09:00', 'device_type': 'desktop', 'orders_count': 14} from Shard shardId-000000000000 at position 49668821699619531460004201107373642631978159840696467458
2025-11-10 01:33:43 root         INFO     Read Order {'event_time': '2024-06-01 01:09:00', 'device_type': 'mobile', 'orders_count': 10.0} from Shard shardId-000000000000 at position 49668821699619531460004201107374851557797774469871173634
2025-11-10 01:33:43 root         INFO     Read Order {'event_time': '2024-06-01 01:09:00', 'device_type': 'tablet', 'orders_count': 8} from Shard shardId-000000000000 at position 49668821699619531460004201107488490584841549612293554178
2025-11-10 01:33:43 root         INFO     Read Order {'event_time': '2024-06-01 01:09:00', 'device_type': 'desktop', 'orders_count': 14} from Shard shardId-000000000000 at position 49668821699619531460004201107512669101233842195787677698
2025-11-10 01:33:43 root         INFO     Read Order {'event_time': '2024-06-01 01:09:00', 'device_type': 'mobile', 'orders_count': 10.0} from Shard shardId-000000000000 at position 49668821699619531460004201107513878027053456824962383874
2025-11-10 01:33:45 root         INFO     Read Order {'event_time': '2024-06-01 01:09:00', 'total_sales': 18225} from Shard shardId-000000000000 at position 49668821699619531460023258392804143986317215884378112002
2025-11-10 01:36:35 root         INFO     Read Order {'event_time': '2024-06-01 01:12:00', 'total_sales': 18325} from Shard shardId-000000000000 at position 49668821699619531460023258994256828502791388274758778882
2025-11-10 01:36:35 root         INFO     Read Order {'event_time': '2024-06-01 01:12:00', 'device_type': 'mobile', 'orders_count': 10.0} from Shard shardId-000000000000 at position 49668821699619531460004201317517591078130317280816398338
2025-11-10 01:36:35 root         INFO     Read Order {'event_time': '2024-06-01 01:12:00', 'device_type': 'tablet', 'orders_count': 13} from Shard shardId-000000000000 at position 49668821699619531460004201317518800003949931909991104514
2025-11-10 01:36:35 root         INFO     Read Order {'event_time': '2024-06-01 01:12:00', 'device_type': 'desktop', 'orders_count': 14} from Shard shardId-000000000000 at position 49668821699619531460004201317520008929769546539165810690
2025-11-10 01:36:37 root         INFO     Read Order {'event_time': '2024-06-01 01:12:00', 'device_type': 'mobile', 'orders_count': 10.0} from Shard shardId-000000000000 at position 49668821699619531460004201322239655329545058974657675266
2025-11-10 01:36:37 root         INFO     Read Order {'event_time': '2024-06-01 01:12:00', 'device_type': 'tablet', 'orders_count': 13} from Shard shardId-000000000000 at position 49668821699619531460004201322242073181184288233007087618
2025-11-10 01:36:37 root         INFO     Read Order {'event_time': '2024-06-01 01:12:00', 'device_type': 'desktop', 'orders_count': 14} from Shard shardId-000000000000 at position 49668821699619531460004201322243282107003902862181793794
2025-11-10 01:39:43 root         INFO     Read Order {'event_time': '2024-06-01 01:15:00', 'total_sales': 12791} from Shard shardId-000000000000 at position 49668821699619531460023259593517730508304239277067206658
2025-11-10 01:42:45 root         INFO     Read Order {'event_time': '2024-06-01 01:18:00', 'total_sales': 13406} from Shard shardId-000000000000 at position 49668821699619531460023260056186939858838597796267819010
